<component name="libraryTable">
  <library name="junit-4.11 (2)">
    <CLASSES>
      <root url="jar://$PROJECT_DIR$/03-oop/01-homework/lib/junit-4.11.jar!/" />
      <root url="jar://$PROJECT_DIR$/03-oop/01-homework/lib/hamcrest-core-1.3.jar!/" />
    </CLASSES>
    <JAVADOC />
    <SOURCES />
  </library>
</component>